<?xml version="1.0" encoding="UTF-8"?>
<!-- Generated by org.testng.reporters.JUnitXMLReporter -->
<testsuite hostname="Arun" name="Test" tests="3" failures="0" timestamp="29 Jan 2020 08:37:19 GMT" time="135.542" errors="0">
  <testcase name="testNewOrganization" time="52.787" classname="test.TestNewOrganizations"/>
  <testcase name="testCampaign" time="16.764" classname="test.TestCampaign"/>
  <testcase name="testNewOrganization" time="24.741" classname="test.TestOrganizationWithEmailId"/>
</testsuite> <!-- Test -->
